The system is: Linux - 4.9.6-1-ARCH - x86_64
Compiling the CXX compiler identification source file "CMakeCXXCompilerId.cpp" succeeded.
Compiler: /bin/g++ 
Build flags: 
Id flags: 

The output was:
0


Compilation of the CXX compiler identification source "CMakeCXXCompilerId.cpp" produced "a.out"

The CXX compiler identification is GNU, found in "/am/monterey/home1/foleylliam/Comp308/FinalProj 3.0/work/CMakeFiles/3.7.2/CompilerIdCXX/a.out"

Compiling the C compiler identification source file "CMakeCCompilerId.c" succeeded.
Compiler: /bin/gcc 
Build flags: 
Id flags: 

The output was:
0


Compilation of the C compiler identification source "CMakeCCompilerId.c" produced "a.out"

The C compiler identification is GNU, found in "/am/monterey/home1/foleylliam/Comp308/FinalProj 3.0/work/CMakeFiles/3.7.2/CompilerIdC/a.out"

Determining if the CXX compiler works passed with the following output:
Change Dir: /am/monterey/home1/foleylliam/Comp308/FinalProj 3.0/work/CMakeFiles/CMakeTmp

Run Build Command:"/usr/local/bin/gmake" "cmTC_cc23a/fast"
/usr/local/bin/gmake -f CMakeFiles/cmTC_cc23a.dir/build.make CMakeFiles/cmTC_cc23a.dir/build
gmake[1]: Entering directory '/am/monterey/home1/foleylliam/Comp308/FinalProj 3.0/work/CMakeFiles/CMakeTmp'
Building CXX object CMakeFiles/cmTC_cc23a.dir/testCXXCompiler.cxx.o
/bin/g++      -o CMakeFiles/cmTC_cc23a.dir/testCXXCompiler.cxx.o -c "/am/monterey/home1/foleylliam/Comp308/FinalProj 3.0/work/CMakeFiles/CMakeTmp/testCXXCompiler.cxx"
Linking CXX executable cmTC_cc23a
/usr/pkg/bin/cmake -E cmake_link_script CMakeFiles/cmTC_cc23a.dir/link.txt --verbose=1
/bin/g++        CMakeFiles/cmTC_cc23a.dir/testCXXCompiler.cxx.o  -o cmTC_cc23a -rdynamic 
gmake[1]: Leaving directory '/am/monterey/home1/foleylliam/Comp308/FinalProj 3.0/work/CMakeFiles/CMakeTmp'


Detecting CXX compiler ABI info compiled with the following output:
Change Dir: /am/monterey/home1/foleylliam/Comp308/FinalProj 3.0/work/CMakeFiles/CMakeTmp

Run Build Command:"/usr/local/bin/gmake" "cmTC_57e76/fast"
/usr/local/bin/gmake -f CMakeFiles/cmTC_57e76.dir/build.make CMakeFiles/cmTC_57e76.dir/build
gmake[1]: Entering directory '/am/monterey/home1/foleylliam/Comp308/FinalProj 3.0/work/CMakeFiles/CMakeTmp'
Building CXX object CMakeFiles/cmTC_57e76.dir/CMakeCXXCompilerABI.cpp.o
/bin/g++      -o CMakeFiles/cmTC_57e76.dir/CMakeCXXCompilerABI.cpp.o -c /usr/pkg/share/cmake-3.7/Modules/CMakeCXXCompilerABI.cpp
Linking CXX executable cmTC_57e76
/usr/pkg/bin/cmake -E cmake_link_script CMakeFiles/cmTC_57e76.dir/link.txt --verbose=1
/bin/g++       -v CMakeFiles/cmTC_57e76.dir/CMakeCXXCompilerABI.cpp.o  -o cmTC_57e76 -rdynamic  
Using built-in specs.
COLLECT_GCC=/bin/g++
COLLECT_LTO_WRAPPER=/usr/lib/gcc/x86_64-pc-linux-gnu/6.3.1/lto-wrapper
Target: x86_64-pc-linux-gnu
Configured with: /build/gcc-multilib/src/gcc/configure --prefix=/usr --libdir=/usr/lib --libexecdir=/usr/lib --mandir=/usr/share/man --infodir=/usr/share/info --with-bugurl=https://bugs.archlinux.org/ --enable-languages=c,c++,ada,fortran,go,lto,objc,obj-c++ --enable-shared --enable-threads=posix --enable-libmpx --with-system-zlib --with-isl --enable-__cxa_atexit --disable-libunwind-exceptions --enable-clocale=gnu --disable-libstdcxx-pch --disable-libssp --enable-gnu-unique-object --enable-linker-build-id --enable-lto --enable-plugin --enable-install-libiberty --with-linker-hash-style=gnu --enable-gnu-indirect-function --enable-multilib --disable-werror --enable-checking=release
Thread model: posix
gcc version 6.3.1 20170109 (GCC) 
COMPILER_PATH=/usr/lib/gcc/x86_64-pc-linux-gnu/6.3.1/:/usr/lib/gcc/x86_64-pc-linux-gnu/6.3.1/:/usr/lib/gcc/x86_64-pc-linux-gnu/:/usr/lib/gcc/x86_64-pc-linux-gnu/6.3.1/:/usr/lib/gcc/x86_64-pc-linux-gnu/
LIBRARY_PATH=/usr/lib/gcc/x86_64-pc-linux-gnu/6.3.1/:/usr/lib/gcc/x86_64-pc-linux-gnu/6.3.1/../../../../lib/:/lib/../lib/:/usr/lib/../lib/:/usr/lib/gcc/x86_64-pc-linux-gnu/6.3.1/../../../:/lib/:/usr/lib/
COLLECT_GCC_OPTIONS='-v' '-o' 'cmTC_57e76' '-rdynamic' '-shared-libgcc' '-mtune=generic' '-march=x86-64'
 /usr/lib/gcc/x86_64-pc-linux-gnu/6.3.1/collect2 -plugin /usr/lib/gcc/x86_64-pc-linux-gnu/6.3.1/liblto_plugin.so -plugin-opt=/usr/lib/gcc/x86_64-pc-linux-gnu/6.3.1/lto-wrapper -plugin-opt=-fresolution=/tmp/ccWY1g4e.res -plugin-opt=-pass-through=-lgcc_s -plugin-opt=-pass-through=-lgcc -plugin-opt=-pass-through=-lc -plugin-opt=-pass-through=-lgcc_s -plugin-opt=-pass-through=-lgcc --build-id --eh-frame-hdr --hash-style=gnu -m elf_x86_64 -export-dynamic -dynamic-linker /lib64/ld-linux-x86-64.so.2 -o cmTC_57e76 /usr/lib/gcc/x86_64-pc-linux-gnu/6.3.1/../../../../lib/crt1.o /usr/lib/gcc/x86_64-pc-linux-gnu/6.3.1/../../../../lib/crti.o /usr/lib/gcc/x86_64-pc-linux-gnu/6.3.1/crtbegin.o -L/usr/lib/gcc/x86_64-pc-linux-gnu/6.3.1 -L/usr/lib/gcc/x86_64-pc-linux-gnu/6.3.1/../../../../lib -L/lib/../lib -L/usr/lib/../lib -L/usr/lib/gcc/x86_64-pc-linux-gnu/6.3.1/../../.. CMakeFiles/cmTC_57e76.dir/CMakeCXXCompilerABI.cpp.o -lstdc++ -lm -lgcc_s -lgcc -lc -lgcc_s -lgcc /usr/lib/gcc/x86_64-pc-linux-gnu/6.3.1/crtend.o /usr/lib/gcc/x86_64-pc-linux-gnu/6.3.1/../../../../lib/crtn.o
COLLECT_GCC_OPTIONS='-v' '-o' 'cmTC_57e76' '-rdynamic' '-shared-libgcc' '-mtune=generic' '-march=x86-64'
gmake[1]: Leaving directory '/am/monterey/home1/foleylliam/Comp308/FinalProj 3.0/work/CMakeFiles/CMakeTmp'


Parsed CXX implicit link information from above output:
  link line regex: [^( *|.*[/\])(ld|([^/\]+-)?ld|collect2)[^/\]*( |$)]
  ignore line: [Change Dir: /am/monterey/home1/foleylliam/Comp308/FinalProj 3.0/work/CMakeFiles/CMakeTmp]
  ignore line: []
  ignore line: [Run Build Command:"/usr/local/bin/gmake" "cmTC_57e76/fast"]
  ignore line: [/usr/local/bin/gmake -f CMakeFiles/cmTC_57e76.dir/build.make CMakeFiles/cmTC_57e76.dir/build]
  ignore line: [gmake[1]: Entering directory '/am/monterey/home1/foleylliam/Comp308/FinalProj 3.0/work/CMakeFiles/CMakeTmp']
  ignore line: [Building CXX object CMakeFiles/cmTC_57e76.dir/CMakeCXXCompilerABI.cpp.o]
  ignore line: [/bin/g++      -o CMakeFiles/cmTC_57e76.dir/CMakeCXXCompilerABI.cpp.o -c /usr/pkg/share/cmake-3.7/Modules/CMakeCXXCompilerABI.cpp]
  ignore line: [Linking CXX executable cmTC_57e76]
  ignore line: [/usr/pkg/bin/cmake -E cmake_link_script CMakeFiles/cmTC_57e76.dir/link.txt --verbose=1]
  ignore line: [/bin/g++       -v CMakeFiles/cmTC_57e76.dir/CMakeCXXCompilerABI.cpp.o  -o cmTC_57e76 -rdynamic  ]
  ignore line: [Using built-in specs.]
  ignore line: [COLLECT_GCC=/bin/g++]
  ignore line: [COLLECT_LTO_WRAPPER=/usr/lib/gcc/x86_64-pc-linux-gnu/6.3.1/lto-wrapper]
  ignore line: [Target: x86_64-pc-linux-gnu]
  ignore line: [Configured with: /build/gcc-multilib/src/gcc/configure --prefix=/usr --libdir=/usr/lib --libexecdir=/usr/lib --mandir=/usr/share/man --infodir=/usr/share/info --with-bugurl=https://bugs.archlinux.org/ --enable-languages=c,c++,ada,fortran,go,lto,objc,obj-c++ --enable-shared --enable-threads=posix --enable-libmpx --with-system-zlib --with-isl --enable-__cxa_atexit --disable-libunwind-exceptions --enable-clocale=gnu --disable-libstdcxx-pch --disable-libssp --enable-gnu-unique-object --enable-linker-build-id --enable-lto --enable-plugin --enable-install-libiberty --with-linker-hash-style=gnu --enable-gnu-indirect-function --enable-multilib --disable-werror --enable-checking=release]
  ignore line: [Thread model: posix]
  ignore line: [gcc version 6.3.1 20170109 (GCC) ]
  ignore line: [COMPILER_PATH=/usr/lib/gcc/x86_64-pc-linux-gnu/6.3.1/:/usr/lib/gcc/x86_64-pc-linux-gnu/6.3.1/:/usr/lib/gcc/x86_64-pc-linux-gnu/:/usr/lib/gcc/x86_64-pc-linux-gnu/6.3.1/:/usr/lib/gcc/x86_64-pc-linux-gnu/]
  ignore line: [LIBRARY_PATH=/usr/lib/gcc/x86_64-pc-linux-gnu/6.3.1/:/usr/lib/gcc/x86_64-pc-linux-gnu/6.3.1/../../../../lib/:/lib/../lib/:/usr/lib/../lib/:/usr/lib/gcc/x86_64-pc-linux-gnu/6.3.1/../../../:/lib/:/usr/lib/]
  ignore line: [COLLECT_GCC_OPTIONS='-v' '-o' 'cmTC_57e76' '-rdynamic' '-shared-libgcc' '-mtune=generic' '-march=x86-64']
  link line: [ /usr/lib/gcc/x86_64-pc-linux-gnu/6.3.1/collect2 -plugin /usr/lib/gcc/x86_64-pc-linux-gnu/6.3.1/liblto_plugin.so -plugin-opt=/usr/lib/gcc/x86_64-pc-linux-gnu/6.3.1/lto-wrapper -plugin-opt=-fresolution=/tmp/ccWY1g4e.res -plugin-opt=-pass-through=-lgcc_s -plugin-opt=-pass-through=-lgcc -plugin-opt=-pass-through=-lc -plugin-opt=-pass-through=-lgcc_s -plugin-opt=-pass-through=-lgcc --build-id --eh-frame-hdr --hash-style=gnu -m elf_x86_64 -export-dynamic -dynamic-linker /lib64/ld-linux-x86-64.so.2 -o cmTC_57e76 /usr/lib/gcc/x86_64-pc-linux-gnu/6.3.1/../../../../lib/crt1.o /usr/lib/gcc/x86_64-pc-linux-gnu/6.3.1/../../../../lib/crti.o /usr/lib/gcc/x86_64-pc-linux-gnu/6.3.1/crtbegin.o -L/usr/lib/gcc/x86_64-pc-linux-gnu/6.3.1 -L/usr/lib/gcc/x86_64-pc-linux-gnu/6.3.1/../../../../lib -L/lib/../lib -L/usr/lib/../lib -L/usr/lib/gcc/x86_64-pc-linux-gnu/6.3.1/../../.. CMakeFiles/cmTC_57e76.dir/CMakeCXXCompilerABI.cpp.o -lstdc++ -lm -lgcc_s -lgcc -lc -lgcc_s -lgcc /usr/lib/gcc/x86_64-pc-linux-gnu/6.3.1/crtend.o /usr/lib/gcc/x86_64-pc-linux-gnu/6.3.1/../../../../lib/crtn.o]
    arg [/usr/lib/gcc/x86_64-pc-linux-gnu/6.3.1/collect2] ==> ignore
    arg [-plugin] ==> ignore
    arg [/usr/lib/gcc/x86_64-pc-linux-gnu/6.3.1/liblto_plugin.so] ==> ignore
    arg [-plugin-opt=/usr/lib/gcc/x86_64-pc-linux-gnu/6.3.1/lto-wrapper] ==> ignore
    arg [-plugin-opt=-fresolution=/tmp/ccWY1g4e.res] ==> ignore
    arg [-plugin-opt=-pass-through=-lgcc_s] ==> ignore
    arg [-plugin-opt=-pass-through=-lgcc] ==> ignore
    arg [-plugin-opt=-pass-through=-lc] ==> ignore
    arg [-plugin-opt=-pass-through=-lgcc_s] ==> ignore
    arg [-plugin-opt=-pass-through=-lgcc] ==> ignore
    arg [--build-id] ==> ignore
    arg [--eh-frame-hdr] ==> ignore
    arg [--hash-style=gnu] ==> ignore
    arg [-m] ==> ignore
    arg [elf_x86_64] ==> ignore
    arg [-export-dynamic] ==> ignore
    arg [-dynamic-linker] ==> ignore
    arg [/lib64/ld-linux-x86-64.so.2] ==> ignore
    arg [-o] ==> ignore
    arg [cmTC_57e76] ==> ignore
    arg [/usr/lib/gcc/x86_64-pc-linux-gnu/6.3.1/../../../../lib/crt1.o] ==> ignore
    arg [/usr/lib/gcc/x86_64-pc-linux-gnu/6.3.1/../../../../lib/crti.o] ==> ignore
    arg [/usr/lib/gcc/x86_64-pc-linux-gnu/6.3.1/crtbegin.o] ==> ignore
    arg [-L/usr/lib/gcc/x86_64-pc-linux-gnu/6.3.1] ==> dir [/usr/lib/gcc/x86_64-pc-linux-gnu/6.3.1]
    arg [-L/usr/lib/gcc/x86_64-pc-linux-gnu/6.3.1/../../../../lib] ==> dir [/usr/lib/gcc/x86_64-pc-linux-gnu/6.3.1/../../../../lib]
    arg [-L/lib/../lib] ==> dir [/lib/../lib]
    arg [-L/usr/lib/../lib] ==> dir [/usr/lib/../lib]
    arg [-L/usr/lib/gcc/x86_64-pc-linux-gnu/6.3.1/../../..] ==> dir [/usr/lib/gcc/x86_64-pc-linux-gnu/6.3.1/../../..]
    arg [CMakeFiles/cmTC_57e76.dir/CMakeCXXCompilerABI.cpp.o] ==> ignore
    arg [-lstdc++] ==> lib [stdc++]
    arg [-lm] ==> lib [m]
    arg [-lgcc_s] ==> lib [gcc_s]
    arg [-lgcc] ==> lib [gcc]
    arg [-lc] ==> lib [c]
    arg [-lgcc_s] ==> lib [gcc_s]
    arg [-lgcc] ==> lib [gcc]
    arg [/usr/lib/gcc/x86_64-pc-linux-gnu/6.3.1/crtend.o] ==> ignore
    arg [/usr/lib/gcc/x86_64-pc-linux-gnu/6.3.1/../../../../lib/crtn.o] ==> ignore
  remove lib [gcc_s]
  remove lib [gcc]
  remove lib [gcc_s]
  remove lib [gcc]
  collapse library dir [/usr/lib/gcc/x86_64-pc-linux-gnu/6.3.1] ==> [/usr/lib/gcc/x86_64-pc-linux-gnu/6.3.1]
  collapse library dir [/usr/lib/gcc/x86_64-pc-linux-gnu/6.3.1/../../../../lib] ==> [/usr/lib]
  collapse library dir [/lib/../lib] ==> [/lib]
  collapse library dir [/usr/lib/../lib] ==> [/usr/lib]
  collapse library dir [/usr/lib/gcc/x86_64-pc-linux-gnu/6.3.1/../../..] ==> [/usr/lib]
  implicit libs: [stdc++;m;c]
  implicit dirs: [/usr/lib/gcc/x86_64-pc-linux-gnu/6.3.1;/usr/lib;/lib]
  implicit fwks: []




Detecting CXX [-std=c++14] compiler features compiled with the following output:
Change Dir: /am/monterey/home1/foleylliam/Comp308/FinalProj 3.0/work/CMakeFiles/CMakeTmp

Run Build Command:"/usr/local/bin/gmake" "cmTC_54935/fast"
/usr/local/bin/gmake -f CMakeFiles/cmTC_54935.dir/build.make CMakeFiles/cmTC_54935.dir/build
gmake[1]: Entering directory '/am/monterey/home1/foleylliam/Comp308/FinalProj 3.0/work/CMakeFiles/CMakeTmp'
Building CXX object CMakeFiles/cmTC_54935.dir/feature_tests.cxx.o
/bin/g++     -std=c++14 -o CMakeFiles/cmTC_54935.dir/feature_tests.cxx.o -c "/am/monterey/home1/foleylliam/Comp308/FinalProj 3.0/work/CMakeFiles/feature_tests.cxx"
Linking CXX executable cmTC_54935
/usr/pkg/bin/cmake -E cmake_link_script CMakeFiles/cmTC_54935.dir/link.txt --verbose=1
/bin/g++        CMakeFiles/cmTC_54935.dir/feature_tests.cxx.o  -o cmTC_54935 -rdynamic 
gmake[1]: Leaving directory '/am/monterey/home1/foleylliam/Comp308/FinalProj 3.0/work/CMakeFiles/CMakeTmp'


    Feature record: CXX_FEATURE:1cxx_aggregate_default_initializers
    Feature record: CXX_FEATURE:1cxx_alias_templates
    Feature record: CXX_FEATURE:1cxx_alignas
    Feature record: CXX_FEATURE:1cxx_alignof
    Feature record: CXX_FEATURE:1cxx_attributes
    Feature record: CXX_FEATURE:1cxx_attribute_deprecated
    Feature record: CXX_FEATURE:1cxx_auto_type
    Feature record: CXX_FEATURE:1cxx_binary_literals
    Feature record: CXX_FEATURE:1cxx_constexpr
    Feature record: CXX_FEATURE:1cxx_contextual_conversions
    Feature record: CXX_FEATURE:1cxx_decltype
    Feature record: CXX_FEATURE:1cxx_decltype_auto
    Feature record: CXX_FEATURE:1cxx_decltype_incomplete_return_types
    Feature record: CXX_FEATURE:1cxx_default_function_template_args
    Feature record: CXX_FEATURE:1cxx_defaulted_functions
    Feature record: CXX_FEATURE:1cxx_defaulted_move_initializers
    Feature record: CXX_FEATURE:1cxx_delegating_constructors
    Feature record: CXX_FEATURE:1cxx_deleted_functions
    Feature record: CXX_FEATURE:1cxx_digit_separators
    Feature record: CXX_FEATURE:1cxx_enum_forward_declarations
    Feature record: CXX_FEATURE:1cxx_explicit_conversions
    Feature record: CXX_FEATURE:1cxx_extended_friend_declarations
    Feature record: CXX_FEATURE:1cxx_extern_templates
    Feature record: CXX_FEATURE:1cxx_final
    Feature record: CXX_FEATURE:1cxx_func_identifier
    Feature record: CXX_FEATURE:1cxx_generalized_initializers
    Feature record: CXX_FEATURE:1cxx_generic_lambdas
    Feature record: CXX_FEATURE:1cxx_inheriting_constructors
    Feature record: CXX_FEATURE:1cxx_inline_namespaces
    Feature record: CXX_FEATURE:1cxx_lambdas
    Feature record: CXX_FEATURE:1cxx_lambda_init_captures
    Feature record: CXX_FEATURE:1cxx_local_type_template_args
    Feature record: CXX_FEATURE:1cxx_long_long_type
    Feature record: CXX_FEATURE:1cxx_noexcept
    Feature record: CXX_FEATURE:1cxx_nonstatic_member_init
    Feature record: CXX_FEATURE:1cxx_nullptr
    Feature record: CXX_FEATURE:1cxx_override
    Feature record: CXX_FEATURE:1cxx_range_for
    Feature record: CXX_FEATURE:1cxx_raw_string_literals
    Feature record: CXX_FEATURE:1cxx_reference_qualified_functions
    Feature record: CXX_FEATURE:1cxx_relaxed_constexpr
    Feature record: CXX_FEATURE:1cxx_return_type_deduction
    Feature record: CXX_FEATURE:1cxx_right_angle_brackets
    Feature record: CXX_FEATURE:1cxx_rvalue_references
    Feature record: CXX_FEATURE:1cxx_sizeof_member
    Feature record: CXX_FEATURE:1cxx_static_assert
    Feature record: CXX_FEATURE:1cxx_strong_enums
    Feature record: CXX_FEATURE:1cxx_template_template_parameters
    Feature record: CXX_FEATURE:1cxx_thread_local
    Feature record: CXX_FEATURE:1cxx_trailing_return_types
    Feature record: CXX_FEATURE:1cxx_unicode_literals
    Feature record: CXX_FEATURE:1cxx_uniform_initialization
    Feature record: CXX_FEATURE:1cxx_unrestricted_unions
    Feature record: CXX_FEATURE:1cxx_user_literals
    Feature record: CXX_FEATURE:1cxx_variable_templates
    Feature record: CXX_FEATURE:1cxx_variadic_macros
    Feature record: CXX_FEATURE:1cxx_variadic_templates


Detecting CXX [-std=c++11] compiler features compiled with the following output:
Change Dir: /am/monterey/home1/foleylliam/Comp308/FinalProj 3.0/work/CMakeFiles/CMakeTmp

Run Build Command:"/usr/local/bin/gmake" "cmTC_f27fb/fast"
/usr/local/bin/gmake -f CMakeFiles/cmTC_f27fb.dir/build.make CMakeFiles/cmTC_f27fb.dir/build
gmake[1]: Entering directory '/am/monterey/home1/foleylliam/Comp308/FinalProj 3.0/work/CMakeFiles/CMakeTmp'
Building CXX object CMakeFiles/cmTC_f27fb.dir/feature_tests.cxx.o
/bin/g++     -std=c++11 -o CMakeFiles/cmTC_f27fb.dir/feature_tests.cxx.o -c "/am/monterey/home1/foleylliam/Comp308/FinalProj 3.0/work/CMakeFiles/feature_tests.cxx"
Linking CXX executable cmTC_f27fb
/usr/pkg/bin/cmake -E cmake_link_script CMakeFiles/cmTC_f27fb.dir/link.txt --verbose=1
/bin/g++        CMakeFiles/cmTC_f27fb.dir/feature_tests.cxx.o  -o cmTC_f27fb -rdynamic 
gmake[1]: Leaving directory '/am/monterey/home1/foleylliam/Comp308/FinalProj 3.0/work/CMakeFiles/CMakeTmp'


    Feature record: CXX_FEATURE:0cxx_aggregate_default_initializers
    Feature record: CXX_FEATURE:1cxx_alias_templates
    Feature record: CXX_FEATURE:1cxx_alignas
    Feature record: CXX_FEATURE:1cxx_alignof
    Feature record: CXX_FEATURE:1cxx_attributes
    Feature record: CXX_FEATURE:0cxx_attribute_deprecated
    Feature record: CXX_FEATURE:1cxx_auto_type
    Feature record: CXX_FEATURE:0cxx_binary_literals
    Feature record: CXX_FEATURE:1cxx_constexpr
    Feature record: CXX_FEATURE:0cxx_contextual_conversions
    Feature record: CXX_FEATURE:1cxx_decltype
    Feature record: CXX_FEATURE:0cxx_decltype_auto
    Feature record: CXX_FEATURE:1cxx_decltype_incomplete_return_types
    Feature record: CXX_FEATURE:1cxx_default_function_template_args
    Feature record: CXX_FEATURE:1cxx_defaulted_functions
    Feature record: CXX_FEATURE:1cxx_defaulted_move_initializers
    Feature record: CXX_FEATURE:1cxx_delegating_constructors
    Feature record: CXX_FEATURE:1cxx_deleted_functions
    Feature record: CXX_FEATURE:0cxx_digit_separators
    Feature record: CXX_FEATURE:1cxx_enum_forward_declarations
    Feature record: CXX_FEATURE:1cxx_explicit_conversions
    Feature record: CXX_FEATURE:1cxx_extended_friend_declarations
    Feature record: CXX_FEATURE:1cxx_extern_templates
    Feature record: CXX_FEATURE:1cxx_final
    Feature record: CXX_FEATURE:1cxx_func_identifier
    Feature record: CXX_FEATURE:1cxx_generalized_initializers
    Feature record: CXX_FEATURE:0cxx_generic_lambdas
    Feature record: CXX_FEATURE:1cxx_inheriting_constructors
    Feature record: CXX_FEATURE:1cxx_inline_namespaces
    Feature record: CXX_FEATURE:1cxx_lambdas
    Feature record: CXX_FEATURE:0cxx_lambda_init_captures
    Feature record: CXX_FEATURE:1cxx_local_type_template_args
    Feature record: CXX_FEATURE:1cxx_long_long_type
    Feature record: CXX_FEATURE:1cxx_noexcept
    Feature record: CXX_FEATURE:1cxx_nonstatic_member_init
    Feature record: CXX_FEATURE:1cxx_nullptr
    Feature record: CXX_FEATURE:1cxx_override
    Feature record: CXX_FEATURE:1cxx_range_for
    Feature record: CXX_FEATURE:1cxx_raw_string_literals
    Feature record: CXX_FEATURE:1cxx_reference_qualified_functions
    Feature record: CXX_FEATURE:0cxx_relaxed_constexpr
    Feature record: CXX_FEATURE:0cxx_return_type_deduction
    Feature record: CXX_FEATURE:1cxx_right_angle_brackets
    Feature record: CXX_FEATURE:1cxx_rvalue_references
    Feature record: CXX_FEATURE:1cxx_sizeof_member
    Feature record: CXX_FEATURE:1cxx_static_assert
    Feature record: CXX_FEATURE:1cxx_strong_enums
    Feature record: CXX_FEATURE:1cxx_template_template_parameters
    Feature record: CXX_FEATURE:1cxx_thread_local
    Feature record: CXX_FEATURE:1cxx_trailing_return_types
    Feature record: CXX_FEATURE:1cxx_unicode_literals
    Feature record: CXX_FEATURE:1cxx_uniform_initialization
    Feature record: CXX_FEATURE:1cxx_unrestricted_unions
    Feature record: CXX_FEATURE:1cxx_user_literals
    Feature record: CXX_FEATURE:0cxx_variable_templates
    Feature record: CXX_FEATURE:1cxx_variadic_macros
    Feature record: CXX_FEATURE:1cxx_variadic_templates


Detecting CXX [-std=c++98] compiler features compiled with the following output:
Change Dir: /am/monterey/home1/foleylliam/Comp308/FinalProj 3.0/work/CMakeFiles/CMakeTmp

Run Build Command:"/usr/local/bin/gmake" "cmTC_6fc81/fast"
/usr/local/bin/gmake -f CMakeFiles/cmTC_6fc81.dir/build.make CMakeFiles/cmTC_6fc81.dir/build
gmake[1]: Entering directory '/am/monterey/home1/foleylliam/Comp308/FinalProj 3.0/work/CMakeFiles/CMakeTmp'
Building CXX object CMakeFiles/cmTC_6fc81.dir/feature_tests.cxx.o
/bin/g++     -std=c++98 -o CMakeFiles/cmTC_6fc81.dir/feature_tests.cxx.o -c "/am/monterey/home1/foleylliam/Comp308/FinalProj 3.0/work/CMakeFiles/feature_tests.cxx"
Linking CXX executable cmTC_6fc81
/usr/pkg/bin/cmake -E cmake_link_script CMakeFiles/cmTC_6fc81.dir/link.txt --verbose=1
/bin/g++        CMakeFiles/cmTC_6fc81.dir/feature_tests.cxx.o  -o cmTC_6fc81 -rdynamic 
gmake[1]: Leaving directory '/am/monterey/home1/foleylliam/Comp308/FinalProj 3.0/work/CMakeFiles/CMakeTmp'


    Feature record: CXX_FEATURE:0cxx_aggregate_default_initializers
    Feature record: CXX_FEATURE:0cxx_alias_templates
    Feature record: CXX_FEATURE:0cxx_alignas
    Feature record: CXX_FEATURE:0cxx_alignof
    Feature record: CXX_FEATURE:0cxx_attributes
    Feature record: CXX_FEATURE:0cxx_attribute_deprecated
    Feature record: CXX_FEATURE:0cxx_auto_type
    Feature record: CXX_FEATURE:0cxx_binary_literals
    Feature record: CXX_FEATURE:0cxx_constexpr
    Feature record: CXX_FEATURE:0cxx_contextual_conversions
    Feature record: CXX_FEATURE:0cxx_decltype
    Feature record: CXX_FEATURE:0cxx_decltype_auto
    Feature record: CXX_FEATURE:0cxx_decltype_incomplete_return_types
    Feature record: CXX_FEATURE:0cxx_default_function_template_args
    Feature record: CXX_FEATURE:0cxx_defaulted_functions
    Feature record: CXX_FEATURE:0cxx_defaulted_move_initializers
    Feature record: CXX_FEATURE:0cxx_delegating_constructors
    Feature record: CXX_FEATURE:0cxx_deleted_functions
    Feature record: CXX_FEATURE:0cxx_digit_separators
    Feature record: CXX_FEATURE:0cxx_enum_forward_declarations
    Feature record: CXX_FEATURE:0cxx_explicit_conversions
    Feature record: CXX_FEATURE:0cxx_extended_friend_declarations
    Feature record: CXX_FEATURE:0cxx_extern_templates
    Feature record: CXX_FEATURE:0cxx_final
    Feature record: CXX_FEATURE:0cxx_func_identifier
    Feature record: CXX_FEATURE:0cxx_generalized_initializers
    Feature record: CXX_FEATURE:0cxx_generic_lambdas
    Feature record: CXX_FEATURE:0cxx_inheriting_constructors
    Feature record: CXX_FEATURE:0cxx_inline_namespaces
    Feature record: CXX_FEATURE:0cxx_lambdas
    Feature record: CXX_FEATURE:0cxx_lambda_init_captures
    Feature record: CXX_FEATURE:0cxx_local_type_template_args
    Feature record: CXX_FEATURE:0cxx_long_long_type
    Feature record: CXX_FEATURE:0cxx_noexcept
    Feature record: CXX_FEATURE:0cxx_nonstatic_member_init
    Feature record: CXX_FEATURE:0cxx_nullptr
    Feature record: CXX_FEATURE:0cxx_override
    Feature record: CXX_FEATURE:0cxx_range_for
    Feature record: CXX_FEATURE:0cxx_raw_string_literals
    Feature record: CXX_FEATURE:0cxx_reference_qualified_functions
    Feature record: CXX_FEATURE:0cxx_relaxed_constexpr
    Feature record: CXX_FEATURE:0cxx_return_type_deduction
    Feature record: CXX_FEATURE:0cxx_right_angle_brackets
    Feature record: CXX_FEATURE:0cxx_rvalue_references
    Feature record: CXX_FEATURE:0cxx_sizeof_member
    Feature record: CXX_FEATURE:0cxx_static_assert
    Feature record: CXX_FEATURE:0cxx_strong_enums
    Feature record: CXX_FEATURE:1cxx_template_template_parameters
    Feature record: CXX_FEATURE:0cxx_thread_local
    Feature record: CXX_FEATURE:0cxx_trailing_return_types
    Feature record: CXX_FEATURE:0cxx_unicode_literals
    Feature record: CXX_FEATURE:0cxx_uniform_initialization
    Feature record: CXX_FEATURE:0cxx_unrestricted_unions
    Feature record: CXX_FEATURE:0cxx_user_literals
    Feature record: CXX_FEATURE:0cxx_variable_templates
    Feature record: CXX_FEATURE:0cxx_variadic_macros
    Feature record: CXX_FEATURE:0cxx_variadic_templates
Determining if the C compiler works passed with the following output:
Change Dir: /am/monterey/home1/foleylliam/Comp308/FinalProj 3.0/work/CMakeFiles/CMakeTmp

Run Build Command:"/usr/local/bin/gmake" "cmTC_3df43/fast"
/usr/local/bin/gmake -f CMakeFiles/cmTC_3df43.dir/build.make CMakeFiles/cmTC_3df43.dir/build
gmake[1]: Entering directory '/am/monterey/home1/foleylliam/Comp308/FinalProj 3.0/work/CMakeFiles/CMakeTmp'
Building C object CMakeFiles/cmTC_3df43.dir/testCCompiler.c.o
/bin/gcc     -o CMakeFiles/cmTC_3df43.dir/testCCompiler.c.o   -c "/am/monterey/home1/foleylliam/Comp308/FinalProj 3.0/work/CMakeFiles/CMakeTmp/testCCompiler.c"
Linking C executable cmTC_3df43
/usr/pkg/bin/cmake -E cmake_link_script CMakeFiles/cmTC_3df43.dir/link.txt --verbose=1
/bin/gcc       CMakeFiles/cmTC_3df43.dir/testCCompiler.c.o  -o cmTC_3df43 -rdynamic 
gmake[1]: Leaving directory '/am/monterey/home1/foleylliam/Comp308/FinalProj 3.0/work/CMakeFiles/CMakeTmp'


Detecting C compiler ABI info compiled with the following output:
Change Dir: /am/monterey/home1/foleylliam/Comp308/FinalProj 3.0/work/CMakeFiles/CMakeTmp

Run Build Command:"/usr/local/bin/gmake" "cmTC_43185/fast"
/usr/local/bin/gmake -f CMakeFiles/cmTC_43185.dir/build.make CMakeFiles/cmTC_43185.dir/build
gmake[1]: Entering directory '/am/monterey/home1/foleylliam/Comp308/FinalProj 3.0/work/CMakeFiles/CMakeTmp'
Building C object CMakeFiles/cmTC_43185.dir/CMakeCCompilerABI.c.o
/bin/gcc     -o CMakeFiles/cmTC_43185.dir/CMakeCCompilerABI.c.o   -c /usr/pkg/share/cmake-3.7/Modules/CMakeCCompilerABI.c
Linking C executable cmTC_43185
/usr/pkg/bin/cmake -E cmake_link_script CMakeFiles/cmTC_43185.dir/link.txt --verbose=1
/bin/gcc      -v CMakeFiles/cmTC_43185.dir/CMakeCCompilerABI.c.o  -o cmTC_43185 -rdynamic  
Using built-in specs.
COLLECT_GCC=/bin/gcc
COLLECT_LTO_WRAPPER=/usr/lib/gcc/x86_64-pc-linux-gnu/6.3.1/lto-wrapper
Target: x86_64-pc-linux-gnu
Configured with: /build/gcc-multilib/src/gcc/configure --prefix=/usr --libdir=/usr/lib --libexecdir=/usr/lib --mandir=/usr/share/man --infodir=/usr/share/info --with-bugurl=https://bugs.archlinux.org/ --enable-languages=c,c++,ada,fortran,go,lto,objc,obj-c++ --enable-shared --enable-threads=posix --enable-libmpx --with-system-zlib --with-isl --enable-__cxa_atexit --disable-libunwind-exceptions --enable-clocale=gnu --disable-libstdcxx-pch --disable-libssp --enable-gnu-unique-object --enable-linker-build-id --enable-lto --enable-plugin --enable-install-libiberty --with-linker-hash-style=gnu --enable-gnu-indirect-function --enable-multilib --disable-werror --enable-checking=release
Thread model: posix
gcc version 6.3.1 20170109 (GCC) 
COMPILER_PATH=/usr/lib/gcc/x86_64-pc-linux-gnu/6.3.1/:/usr/lib/gcc/x86_64-pc-linux-gnu/6.3.1/:/usr/lib/gcc/x86_64-pc-linux-gnu/:/usr/lib/gcc/x86_64-pc-linux-gnu/6.3.1/:/usr/lib/gcc/x86_64-pc-linux-gnu/
LIBRARY_PATH=/usr/lib/gcc/x86_64-pc-linux-gnu/6.3.1/:/usr/lib/gcc/x86_64-pc-linux-gnu/6.3.1/../../../../lib/:/lib/../lib/:/usr/lib/../lib/:/usr/lib/gcc/x86_64-pc-linux-gnu/6.3.1/../../../:/lib/:/usr/lib/
COLLECT_GCC_OPTIONS='-v' '-o' 'cmTC_43185' '-rdynamic' '-mtune=generic' '-march=x86-64'
 /usr/lib/gcc/x86_64-pc-linux-gnu/6.3.1/collect2 -plugin /usr/lib/gcc/x86_64-pc-linux-gnu/6.3.1/liblto_plugin.so -plugin-opt=/usr/lib/gcc/x86_64-pc-linux-gnu/6.3.1/lto-wrapper -plugin-opt=-fresolution=/tmp/cc9V3sV0.res -plugin-opt=-pass-through=-lgcc -plugin-opt=-pass-through=-lgcc_s -plugin-opt=-pass-through=-lc -plugin-opt=-pass-through=-lgcc -plugin-opt=-pass-through=-lgcc_s --build-id --eh-frame-hdr --hash-style=gnu -m elf_x86_64 -export-dynamic -dynamic-linker /lib64/ld-linux-x86-64.so.2 -o cmTC_43185 /usr/lib/gcc/x86_64-pc-linux-gnu/6.3.1/../../../../lib/crt1.o /usr/lib/gcc/x86_64-pc-linux-gnu/6.3.1/../../../../lib/crti.o /usr/lib/gcc/x86_64-pc-linux-gnu/6.3.1/crtbegin.o -L/usr/lib/gcc/x86_64-pc-linux-gnu/6.3.1 -L/usr/lib/gcc/x86_64-pc-linux-gnu/6.3.1/../../../../lib -L/lib/../lib -L/usr/lib/../lib -L/usr/lib/gcc/x86_64-pc-linux-gnu/6.3.1/../../.. CMakeFiles/cmTC_43185.dir/CMakeCCompilerABI.c.o -lgcc --as-needed -lgcc_s --no-as-needed -lc -lgcc --as-needed -lgcc_s --no-as-needed /usr/lib/gcc/x86_64-pc-linux-gnu/6.3.1/crtend.o /usr/lib/gcc/x86_64-pc-linux-gnu/6.3.1/../../../../lib/crtn.o
COLLECT_GCC_OPTIONS='-v' '-o' 'cmTC_43185' '-rdynamic' '-mtune=generic' '-march=x86-64'
gmake[1]: Leaving directory '/am/monterey/home1/foleylliam/Comp308/FinalProj 3.0/work/CMakeFiles/CMakeTmp'


Parsed C implicit link information from above output:
  link line regex: [^( *|.*[/\])(ld|([^/\]+-)?ld|collect2)[^/\]*( |$)]
  ignore line: [Change Dir: /am/monterey/home1/foleylliam/Comp308/FinalProj 3.0/work/CMakeFiles/CMakeTmp]
  ignore line: []
  ignore line: [Run Build Command:"/usr/local/bin/gmake" "cmTC_43185/fast"]
  ignore line: [/usr/local/bin/gmake -f CMakeFiles/cmTC_43185.dir/build.make CMakeFiles/cmTC_43185.dir/build]
  ignore line: [gmake[1]: Entering directory '/am/monterey/home1/foleylliam/Comp308/FinalProj 3.0/work/CMakeFiles/CMakeTmp']
  ignore line: [Building C object CMakeFiles/cmTC_43185.dir/CMakeCCompilerABI.c.o]
  ignore line: [/bin/gcc     -o CMakeFiles/cmTC_43185.dir/CMakeCCompilerABI.c.o   -c /usr/pkg/share/cmake-3.7/Modules/CMakeCCompilerABI.c]
  ignore line: [Linking C executable cmTC_43185]
  ignore line: [/usr/pkg/bin/cmake -E cmake_link_script CMakeFiles/cmTC_43185.dir/link.txt --verbose=1]
  ignore line: [/bin/gcc      -v CMakeFiles/cmTC_43185.dir/CMakeCCompilerABI.c.o  -o cmTC_43185 -rdynamic  ]
  ignore line: [Using built-in specs.]
  ignore line: [COLLECT_GCC=/bin/gcc]
  ignore line: [COLLECT_LTO_WRAPPER=/usr/lib/gcc/x86_64-pc-linux-gnu/6.3.1/lto-wrapper]
  ignore line: [Target: x86_64-pc-linux-gnu]
  ignore line: [Configured with: /build/gcc-multilib/src/gcc/configure --prefix=/usr --libdir=/usr/lib --libexecdir=/usr/lib --mandir=/usr/share/man --infodir=/usr/share/info --with-bugurl=https://bugs.archlinux.org/ --enable-languages=c,c++,ada,fortran,go,lto,objc,obj-c++ --enable-shared --enable-threads=posix --enable-libmpx --with-system-zlib --with-isl --enable-__cxa_atexit --disable-libunwind-exceptions --enable-clocale=gnu --disable-libstdcxx-pch --disable-libssp --enable-gnu-unique-object --enable-linker-build-id --enable-lto --enable-plugin --enable-install-libiberty --with-linker-hash-style=gnu --enable-gnu-indirect-function --enable-multilib --disable-werror --enable-checking=release]
  ignore line: [Thread model: posix]
  ignore line: [gcc version 6.3.1 20170109 (GCC) ]
  ignore line: [COMPILER_PATH=/usr/lib/gcc/x86_64-pc-linux-gnu/6.3.1/:/usr/lib/gcc/x86_64-pc-linux-gnu/6.3.1/:/usr/lib/gcc/x86_64-pc-linux-gnu/:/usr/lib/gcc/x86_64-pc-linux-gnu/6.3.1/:/usr/lib/gcc/x86_64-pc-linux-gnu/]
  ignore line: [LIBRARY_PATH=/usr/lib/gcc/x86_64-pc-linux-gnu/6.3.1/:/usr/lib/gcc/x86_64-pc-linux-gnu/6.3.1/../../../../lib/:/lib/../lib/:/usr/lib/../lib/:/usr/lib/gcc/x86_64-pc-linux-gnu/6.3.1/../../../:/lib/:/usr/lib/]
  ignore line: [COLLECT_GCC_OPTIONS='-v' '-o' 'cmTC_43185' '-rdynamic' '-mtune=generic' '-march=x86-64']
  link line: [ /usr/lib/gcc/x86_64-pc-linux-gnu/6.3.1/collect2 -plugin /usr/lib/gcc/x86_64-pc-linux-gnu/6.3.1/liblto_plugin.so -plugin-opt=/usr/lib/gcc/x86_64-pc-linux-gnu/6.3.1/lto-wrapper -plugin-opt=-fresolution=/tmp/cc9V3sV0.res -plugin-opt=-pass-through=-lgcc -plugin-opt=-pass-through=-lgcc_s -plugin-opt=-pass-through=-lc -plugin-opt=-pass-through=-lgcc -plugin-opt=-pass-through=-lgcc_s --build-id --eh-frame-hdr --hash-style=gnu -m elf_x86_64 -export-dynamic -dynamic-linker /lib64/ld-linux-x86-64.so.2 -o cmTC_43185 /usr/lib/gcc/x86_64-pc-linux-gnu/6.3.1/../../../../lib/crt1.o /usr/lib/gcc/x86_64-pc-linux-gnu/6.3.1/../../../../lib/crti.o /usr/lib/gcc/x86_64-pc-linux-gnu/6.3.1/crtbegin.o -L/usr/lib/gcc/x86_64-pc-linux-gnu/6.3.1 -L/usr/lib/gcc/x86_64-pc-linux-gnu/6.3.1/../../../../lib -L/lib/../lib -L/usr/lib/../lib -L/usr/lib/gcc/x86_64-pc-linux-gnu/6.3.1/../../.. CMakeFiles/cmTC_43185.dir/CMakeCCompilerABI.c.o -lgcc --as-needed -lgcc_s --no-as-needed -lc -lgcc --as-needed -lgcc_s --no-as-needed /usr/lib/gcc/x86_64-pc-linux-gnu/6.3.1/crtend.o /usr/lib/gcc/x86_64-pc-linux-gnu/6.3.1/../../../../lib/crtn.o]
    arg [/usr/lib/gcc/x86_64-pc-linux-gnu/6.3.1/collect2] ==> ignore
    arg [-plugin] ==> ignore
    arg [/usr/lib/gcc/x86_64-pc-linux-gnu/6.3.1/liblto_plugin.so] ==> ignore
    arg [-plugin-opt=/usr/lib/gcc/x86_64-pc-linux-gnu/6.3.1/lto-wrapper] ==> ignore
    arg [-plugin-opt=-fresolution=/tmp/cc9V3sV0.res] ==> ignore
    arg [-plugin-opt=-pass-through=-lgcc] ==> ignore
    arg [-plugin-opt=-pass-through=-lgcc_s] ==> ignore
    arg [-plugin-opt=-pass-through=-lc] ==> ignore
    arg [-plugin-opt=-pass-through=-lgcc] ==> ignore
    arg [-plugin-opt=-pass-through=-lgcc_s] ==> ignore
    arg [--build-id] ==> ignore
    arg [--eh-frame-hdr] ==> ignore
    arg [--hash-style=gnu] ==> ignore
    arg [-m] ==> ignore
    arg [elf_x86_64] ==> ignore
    arg [-export-dynamic] ==> ignore
    arg [-dynamic-linker] ==> ignore
    arg [/lib64/ld-linux-x86-64.so.2] ==> ignore
    arg [-o] ==> ignore
    arg [cmTC_43185] ==> ignore
    arg [/usr/lib/gcc/x86_64-pc-linux-gnu/6.3.1/../../../../lib/crt1.o] ==> ignore
    arg [/usr/lib/gcc/x86_64-pc-linux-gnu/6.3.1/../../../../lib/crti.o] ==> ignore
    arg [/usr/lib/gcc/x86_64-pc-linux-gnu/6.3.1/crtbegin.o] ==> ignore
    arg [-L/usr/lib/gcc/x86_64-pc-linux-gnu/6.3.1] ==> dir [/usr/lib/gcc/x86_64-pc-linux-gnu/6.3.1]
    arg [-L/usr/lib/gcc/x86_64-pc-linux-gnu/6.3.1/../../../../lib] ==> dir [/usr/lib/gcc/x86_64-pc-linux-gnu/6.3.1/../../../../lib]
    arg [-L/lib/../lib] ==> dir [/lib/../lib]
    arg [-L/usr/lib/../lib] ==> dir [/usr/lib/../lib]
    arg [-L/usr/lib/gcc/x86_64-pc-linux-gnu/6.3.1/../../..] ==> dir [/usr/lib/gcc/x86_64-pc-linux-gnu/6.3.1/../../..]
    arg [CMakeFiles/cmTC_43185.dir/CMakeCCompilerABI.c.o] ==> ignore
    arg [-lgcc] ==> lib [gcc]
    arg [--as-needed] ==> ignore
    arg [-lgcc_s] ==> lib [gcc_s]
    arg [--no-as-needed] ==> ignore
    arg [-lc] ==> lib [c]
    arg [-lgcc] ==> lib [gcc]
    arg [--as-needed] ==> ignore
    arg [-lgcc_s] ==> lib [gcc_s]
    arg [--no-as-needed] ==> ignore
    arg [/usr/lib/gcc/x86_64-pc-linux-gnu/6.3.1/crtend.o] ==> ignore
    arg [/usr/lib/gcc/x86_64-pc-linux-gnu/6.3.1/../../../../lib/crtn.o] ==> ignore
  remove lib [gcc]
  remove lib [gcc_s]
  remove lib [gcc]
  remove lib [gcc_s]
  collapse library dir [/usr/lib/gcc/x86_64-pc-linux-gnu/6.3.1] ==> [/usr/lib/gcc/x86_64-pc-linux-gnu/6.3.1]
  collapse library dir [/usr/lib/gcc/x86_64-pc-linux-gnu/6.3.1/../../../../lib] ==> [/usr/lib]
  collapse library dir [/lib/../lib] ==> [/lib]
  collapse library dir [/usr/lib/../lib] ==> [/usr/lib]
  collapse library dir [/usr/lib/gcc/x86_64-pc-linux-gnu/6.3.1/../../..] ==> [/usr/lib]
  implicit libs: [c]
  implicit dirs: [/usr/lib/gcc/x86_64-pc-linux-gnu/6.3.1;/usr/lib;/lib]
  implicit fwks: []




Detecting C [-std=c11] compiler features compiled with the following output:
Change Dir: /am/monterey/home1/foleylliam/Comp308/FinalProj 3.0/work/CMakeFiles/CMakeTmp

Run Build Command:"/usr/local/bin/gmake" "cmTC_2251c/fast"
/usr/local/bin/gmake -f CMakeFiles/cmTC_2251c.dir/build.make CMakeFiles/cmTC_2251c.dir/build
gmake[1]: Entering directory '/am/monterey/home1/foleylliam/Comp308/FinalProj 3.0/work/CMakeFiles/CMakeTmp'
Building C object CMakeFiles/cmTC_2251c.dir/feature_tests.c.o
/bin/gcc    -std=c11 -o CMakeFiles/cmTC_2251c.dir/feature_tests.c.o   -c "/am/monterey/home1/foleylliam/Comp308/FinalProj 3.0/work/CMakeFiles/feature_tests.c"
Linking C executable cmTC_2251c
/usr/pkg/bin/cmake -E cmake_link_script CMakeFiles/cmTC_2251c.dir/link.txt --verbose=1
/bin/gcc       CMakeFiles/cmTC_2251c.dir/feature_tests.c.o  -o cmTC_2251c -rdynamic 
gmake[1]: Leaving directory '/am/monterey/home1/foleylliam/Comp308/FinalProj 3.0/work/CMakeFiles/CMakeTmp'


    Feature record: C_FEATURE:1c_function_prototypes
    Feature record: C_FEATURE:1c_restrict
    Feature record: C_FEATURE:1c_static_assert
    Feature record: C_FEATURE:1c_variadic_macros


Detecting C [-std=c99] compiler features compiled with the following output:
Change Dir: /am/monterey/home1/foleylliam/Comp308/FinalProj 3.0/work/CMakeFiles/CMakeTmp

Run Build Command:"/usr/local/bin/gmake" "cmTC_aba0b/fast"
/usr/local/bin/gmake -f CMakeFiles/cmTC_aba0b.dir/build.make CMakeFiles/cmTC_aba0b.dir/build
gmake[1]: Entering directory '/am/monterey/home1/foleylliam/Comp308/FinalProj 3.0/work/CMakeFiles/CMakeTmp'
Building C object CMakeFiles/cmTC_aba0b.dir/feature_tests.c.o
/bin/gcc    -std=c99 -o CMakeFiles/cmTC_aba0b.dir/feature_tests.c.o   -c "/am/monterey/home1/foleylliam/Comp308/FinalProj 3.0/work/CMakeFiles/feature_tests.c"
Linking C executable cmTC_aba0b
/usr/pkg/bin/cmake -E cmake_link_script CMakeFiles/cmTC_aba0b.dir/link.txt --verbose=1
/bin/gcc       CMakeFiles/cmTC_aba0b.dir/feature_tests.c.o  -o cmTC_aba0b -rdynamic 
gmake[1]: Leaving directory '/am/monterey/home1/foleylliam/Comp308/FinalProj 3.0/work/CMakeFiles/CMakeTmp'


    Feature record: C_FEATURE:1c_function_prototypes
    Feature record: C_FEATURE:1c_restrict
    Feature record: C_FEATURE:0c_static_assert
    Feature record: C_FEATURE:1c_variadic_macros


Detecting C [-std=c90] compiler features compiled with the following output:
Change Dir: /am/monterey/home1/foleylliam/Comp308/FinalProj 3.0/work/CMakeFiles/CMakeTmp

Run Build Command:"/usr/local/bin/gmake" "cmTC_12b08/fast"
/usr/local/bin/gmake -f CMakeFiles/cmTC_12b08.dir/build.make CMakeFiles/cmTC_12b08.dir/build
gmake[1]: Entering directory '/am/monterey/home1/foleylliam/Comp308/FinalProj 3.0/work/CMakeFiles/CMakeTmp'
Building C object CMakeFiles/cmTC_12b08.dir/feature_tests.c.o
/bin/gcc    -std=c90 -o CMakeFiles/cmTC_12b08.dir/feature_tests.c.o   -c "/am/monterey/home1/foleylliam/Comp308/FinalProj 3.0/work/CMakeFiles/feature_tests.c"
Linking C executable cmTC_12b08
/usr/pkg/bin/cmake -E cmake_link_script CMakeFiles/cmTC_12b08.dir/link.txt --verbose=1
/bin/gcc       CMakeFiles/cmTC_12b08.dir/feature_tests.c.o  -o cmTC_12b08 -rdynamic 
gmake[1]: Leaving directory '/am/monterey/home1/foleylliam/Comp308/FinalProj 3.0/work/CMakeFiles/CMakeTmp'


    Feature record: C_FEATURE:1c_function_prototypes
    Feature record: C_FEATURE:0c_restrict
    Feature record: C_FEATURE:0c_static_assert
    Feature record: C_FEATURE:0c_variadic_macros
Determining if the include file pthread.h exists passed with the following output:
Change Dir: /am/monterey/home1/foleylliam/Comp308/FinalProj 3.0/work/CMakeFiles/CMakeTmp

Run Build Command:"/usr/local/bin/gmake" "cmTC_41254/fast"
/usr/local/bin/gmake -f CMakeFiles/cmTC_41254.dir/build.make CMakeFiles/cmTC_41254.dir/build
gmake[1]: Entering directory '/am/monterey/home1/foleylliam/Comp308/FinalProj 3.0/work/CMakeFiles/CMakeTmp'
Building C object CMakeFiles/cmTC_41254.dir/CheckIncludeFile.c.o
/bin/gcc     -o CMakeFiles/cmTC_41254.dir/CheckIncludeFile.c.o   -c "/am/monterey/home1/foleylliam/Comp308/FinalProj 3.0/work/CMakeFiles/CMakeTmp/CheckIncludeFile.c"
Linking C executable cmTC_41254
/usr/pkg/bin/cmake -E cmake_link_script CMakeFiles/cmTC_41254.dir/link.txt --verbose=1
/bin/gcc       CMakeFiles/cmTC_41254.dir/CheckIncludeFile.c.o  -o cmTC_41254 -rdynamic 
gmake[1]: Leaving directory '/am/monterey/home1/foleylliam/Comp308/FinalProj 3.0/work/CMakeFiles/CMakeTmp'


Determining if the function pthread_create exists in the pthread passed with the following output:
Change Dir: /am/monterey/home1/foleylliam/Comp308/FinalProj 3.0/work/CMakeFiles/CMakeTmp

Run Build Command:"/usr/local/bin/gmake" "cmTC_15627/fast"
/usr/local/bin/gmake -f CMakeFiles/cmTC_15627.dir/build.make CMakeFiles/cmTC_15627.dir/build
gmake[1]: Entering directory '/am/monterey/home1/foleylliam/Comp308/FinalProj 3.0/work/CMakeFiles/CMakeTmp'
Building C object CMakeFiles/cmTC_15627.dir/CheckFunctionExists.c.o
/bin/gcc    -DCHECK_FUNCTION_EXISTS=pthread_create   -o CMakeFiles/cmTC_15627.dir/CheckFunctionExists.c.o   -c /usr/pkg/share/cmake-3.7/Modules/CheckFunctionExists.c
Linking C executable cmTC_15627
/usr/pkg/bin/cmake -E cmake_link_script CMakeFiles/cmTC_15627.dir/link.txt --verbose=1
/bin/gcc   -DCHECK_FUNCTION_EXISTS=pthread_create    CMakeFiles/cmTC_15627.dir/CheckFunctionExists.c.o  -o cmTC_15627 -rdynamic -lpthread 
gmake[1]: Leaving directory '/am/monterey/home1/foleylliam/Comp308/FinalProj 3.0/work/CMakeFiles/CMakeTmp'


Determining if the function XOpenDisplay exists in the /usr/lib64/libX11.so;/usr/lib64/libXext.so passed with the following output:
Change Dir: /am/monterey/home1/foleylliam/Comp308/FinalProj 3.0/work/CMakeFiles/CMakeTmp

Run Build Command:"/usr/local/bin/gmake" "cmTC_22c7d/fast"
/usr/local/bin/gmake -f CMakeFiles/cmTC_22c7d.dir/build.make CMakeFiles/cmTC_22c7d.dir/build
gmake[1]: Entering directory '/am/monterey/home1/foleylliam/Comp308/FinalProj 3.0/work/CMakeFiles/CMakeTmp'
Building C object CMakeFiles/cmTC_22c7d.dir/CheckFunctionExists.c.o
/bin/gcc    -DCHECK_FUNCTION_EXISTS=XOpenDisplay   -o CMakeFiles/cmTC_22c7d.dir/CheckFunctionExists.c.o   -c /usr/pkg/share/cmake-3.7/Modules/CheckFunctionExists.c
Linking C executable cmTC_22c7d
/usr/pkg/bin/cmake -E cmake_link_script CMakeFiles/cmTC_22c7d.dir/link.txt --verbose=1
/bin/gcc   -DCHECK_FUNCTION_EXISTS=XOpenDisplay    CMakeFiles/cmTC_22c7d.dir/CheckFunctionExists.c.o  -o cmTC_22c7d -rdynamic /usr/lib64/libX11.so /usr/lib64/libXext.so 
gmake[1]: Leaving directory '/am/monterey/home1/foleylliam/Comp308/FinalProj 3.0/work/CMakeFiles/CMakeTmp'


Determining if the function gethostbyname exists passed with the following output:
Change Dir: /am/monterey/home1/foleylliam/Comp308/FinalProj 3.0/work/CMakeFiles/CMakeTmp

Run Build Command:"/usr/local/bin/gmake" "cmTC_3ed49/fast"
/usr/local/bin/gmake -f CMakeFiles/cmTC_3ed49.dir/build.make CMakeFiles/cmTC_3ed49.dir/build
gmake[1]: Entering directory '/am/monterey/home1/foleylliam/Comp308/FinalProj 3.0/work/CMakeFiles/CMakeTmp'
Building C object CMakeFiles/cmTC_3ed49.dir/CheckFunctionExists.c.o
/bin/gcc    -DCHECK_FUNCTION_EXISTS=gethostbyname   -o CMakeFiles/cmTC_3ed49.dir/CheckFunctionExists.c.o   -c /usr/pkg/share/cmake-3.7/Modules/CheckFunctionExists.c
Linking C executable cmTC_3ed49
/usr/pkg/bin/cmake -E cmake_link_script CMakeFiles/cmTC_3ed49.dir/link.txt --verbose=1
/bin/gcc   -DCHECK_FUNCTION_EXISTS=gethostbyname    CMakeFiles/cmTC_3ed49.dir/CheckFunctionExists.c.o  -o cmTC_3ed49 -rdynamic 
gmake[1]: Leaving directory '/am/monterey/home1/foleylliam/Comp308/FinalProj 3.0/work/CMakeFiles/CMakeTmp'


Determining if the function connect exists passed with the following output:
Change Dir: /am/monterey/home1/foleylliam/Comp308/FinalProj 3.0/work/CMakeFiles/CMakeTmp

Run Build Command:"/usr/local/bin/gmake" "cmTC_12c03/fast"
/usr/local/bin/gmake -f CMakeFiles/cmTC_12c03.dir/build.make CMakeFiles/cmTC_12c03.dir/build
gmake[1]: Entering directory '/am/monterey/home1/foleylliam/Comp308/FinalProj 3.0/work/CMakeFiles/CMakeTmp'
Building C object CMakeFiles/cmTC_12c03.dir/CheckFunctionExists.c.o
/bin/gcc    -DCHECK_FUNCTION_EXISTS=connect   -o CMakeFiles/cmTC_12c03.dir/CheckFunctionExists.c.o   -c /usr/pkg/share/cmake-3.7/Modules/CheckFunctionExists.c
Linking C executable cmTC_12c03
/usr/pkg/bin/cmake -E cmake_link_script CMakeFiles/cmTC_12c03.dir/link.txt --verbose=1
/bin/gcc   -DCHECK_FUNCTION_EXISTS=connect    CMakeFiles/cmTC_12c03.dir/CheckFunctionExists.c.o  -o cmTC_12c03 -rdynamic 
gmake[1]: Leaving directory '/am/monterey/home1/foleylliam/Comp308/FinalProj 3.0/work/CMakeFiles/CMakeTmp'


Determining if the function remove exists passed with the following output:
Change Dir: /am/monterey/home1/foleylliam/Comp308/FinalProj 3.0/work/CMakeFiles/CMakeTmp

Run Build Command:"/usr/local/bin/gmake" "cmTC_761f0/fast"
/usr/local/bin/gmake -f CMakeFiles/cmTC_761f0.dir/build.make CMakeFiles/cmTC_761f0.dir/build
gmake[1]: Entering directory '/am/monterey/home1/foleylliam/Comp308/FinalProj 3.0/work/CMakeFiles/CMakeTmp'
Building C object CMakeFiles/cmTC_761f0.dir/CheckFunctionExists.c.o
/bin/gcc    -DCHECK_FUNCTION_EXISTS=remove   -o CMakeFiles/cmTC_761f0.dir/CheckFunctionExists.c.o   -c /usr/pkg/share/cmake-3.7/Modules/CheckFunctionExists.c
Linking C executable cmTC_761f0
/usr/pkg/bin/cmake -E cmake_link_script CMakeFiles/cmTC_761f0.dir/link.txt --verbose=1
/bin/gcc   -DCHECK_FUNCTION_EXISTS=remove    CMakeFiles/cmTC_761f0.dir/CheckFunctionExists.c.o  -o cmTC_761f0 -rdynamic 
gmake[1]: Leaving directory '/am/monterey/home1/foleylliam/Comp308/FinalProj 3.0/work/CMakeFiles/CMakeTmp'


Determining if the function shmat exists passed with the following output:
Change Dir: /am/monterey/home1/foleylliam/Comp308/FinalProj 3.0/work/CMakeFiles/CMakeTmp

Run Build Command:"/usr/local/bin/gmake" "cmTC_1fc98/fast"
/usr/local/bin/gmake -f CMakeFiles/cmTC_1fc98.dir/build.make CMakeFiles/cmTC_1fc98.dir/build
gmake[1]: Entering directory '/am/monterey/home1/foleylliam/Comp308/FinalProj 3.0/work/CMakeFiles/CMakeTmp'
Building C object CMakeFiles/cmTC_1fc98.dir/CheckFunctionExists.c.o
/bin/gcc    -DCHECK_FUNCTION_EXISTS=shmat   -o CMakeFiles/cmTC_1fc98.dir/CheckFunctionExists.c.o   -c /usr/pkg/share/cmake-3.7/Modules/CheckFunctionExists.c
Linking C executable cmTC_1fc98
/usr/pkg/bin/cmake -E cmake_link_script CMakeFiles/cmTC_1fc98.dir/link.txt --verbose=1
/bin/gcc   -DCHECK_FUNCTION_EXISTS=shmat    CMakeFiles/cmTC_1fc98.dir/CheckFunctionExists.c.o  -o cmTC_1fc98 -rdynamic 
gmake[1]: Leaving directory '/am/monterey/home1/foleylliam/Comp308/FinalProj 3.0/work/CMakeFiles/CMakeTmp'


Determining if the function IceConnectionNumber exists in the ICE passed with the following output:
Change Dir: /am/monterey/home1/foleylliam/Comp308/FinalProj 3.0/work/CMakeFiles/CMakeTmp

Run Build Command:"/usr/local/bin/gmake" "cmTC_2e17c/fast"
/usr/local/bin/gmake -f CMakeFiles/cmTC_2e17c.dir/build.make CMakeFiles/cmTC_2e17c.dir/build
gmake[1]: Entering directory '/am/monterey/home1/foleylliam/Comp308/FinalProj 3.0/work/CMakeFiles/CMakeTmp'
Building C object CMakeFiles/cmTC_2e17c.dir/CheckFunctionExists.c.o
/bin/gcc    -DCHECK_FUNCTION_EXISTS=IceConnectionNumber   -o CMakeFiles/cmTC_2e17c.dir/CheckFunctionExists.c.o   -c /usr/pkg/share/cmake-3.7/Modules/CheckFunctionExists.c
Linking C executable cmTC_2e17c
/usr/pkg/bin/cmake -E cmake_link_script CMakeFiles/cmTC_2e17c.dir/link.txt --verbose=1
/bin/gcc   -DCHECK_FUNCTION_EXISTS=IceConnectionNumber    CMakeFiles/cmTC_2e17c.dir/CheckFunctionExists.c.o  -o cmTC_2e17c -rdynamic -lICE 
gmake[1]: Leaving directory '/am/monterey/home1/foleylliam/Comp308/FinalProj 3.0/work/CMakeFiles/CMakeTmp'


Determining if the function glXGetProcAddress exists passed with the following output:
Change Dir: /am/monterey/home1/foleylliam/Comp308/FinalProj 3.0/work/CMakeFiles/CMakeTmp

Run Build Command:"/usr/local/bin/gmake" "cmTC_8f615/fast"
/usr/local/bin/gmake -f CMakeFiles/cmTC_8f615.dir/build.make CMakeFiles/cmTC_8f615.dir/build
gmake[1]: Entering directory '/am/monterey/home1/foleylliam/Comp308/FinalProj 3.0/work/CMakeFiles/CMakeTmp'
Building C object CMakeFiles/cmTC_8f615.dir/CheckFunctionExists.c.o
/bin/gcc    -DCHECK_FUNCTION_EXISTS=glXGetProcAddress   -o CMakeFiles/cmTC_8f615.dir/CheckFunctionExists.c.o   -c /usr/pkg/share/cmake-3.7/Modules/CheckFunctionExists.c
Linking C executable cmTC_8f615
/usr/pkg/bin/cmake -E cmake_link_script CMakeFiles/cmTC_8f615.dir/link.txt --verbose=1
/bin/gcc   -DCHECK_FUNCTION_EXISTS=glXGetProcAddress    CMakeFiles/cmTC_8f615.dir/CheckFunctionExists.c.o  -o cmTC_8f615 -rdynamic /usr/lib64/libGL.so 
gmake[1]: Leaving directory '/am/monterey/home1/foleylliam/Comp308/FinalProj 3.0/work/CMakeFiles/CMakeTmp'


Determining if the function glXGetProcAddressARB exists passed with the following output:
Change Dir: /am/monterey/home1/foleylliam/Comp308/FinalProj 3.0/work/CMakeFiles/CMakeTmp

Run Build Command:"/usr/local/bin/gmake" "cmTC_b866e/fast"
/usr/local/bin/gmake -f CMakeFiles/cmTC_b866e.dir/build.make CMakeFiles/cmTC_b866e.dir/build
gmake[1]: Entering directory '/am/monterey/home1/foleylliam/Comp308/FinalProj 3.0/work/CMakeFiles/CMakeTmp'
Building C object CMakeFiles/cmTC_b866e.dir/CheckFunctionExists.c.o
/bin/gcc    -DCHECK_FUNCTION_EXISTS=glXGetProcAddressARB   -o CMakeFiles/cmTC_b866e.dir/CheckFunctionExists.c.o   -c /usr/pkg/share/cmake-3.7/Modules/CheckFunctionExists.c
Linking C executable cmTC_b866e
/usr/pkg/bin/cmake -E cmake_link_script CMakeFiles/cmTC_b866e.dir/link.txt --verbose=1
/bin/gcc   -DCHECK_FUNCTION_EXISTS=glXGetProcAddressARB    CMakeFiles/cmTC_b866e.dir/CheckFunctionExists.c.o  -o cmTC_b866e -rdynamic /usr/lib64/libGL.so 
gmake[1]: Leaving directory '/am/monterey/home1/foleylliam/Comp308/FinalProj 3.0/work/CMakeFiles/CMakeTmp'


