Determining if the pthread_create exist failed with the following output:
Change Dir: /am/monterey/home1/foleylliam/Comp308/FinalProj 3.0/work/CMakeFiles/CMakeTmp

Run Build Command:"/usr/local/bin/gmake" "cmTC_d1411/fast"
/usr/local/bin/gmake -f CMakeFiles/cmTC_d1411.dir/build.make CMakeFiles/cmTC_d1411.dir/build
gmake[1]: Entering directory '/am/monterey/home1/foleylliam/Comp308/FinalProj 3.0/work/CMakeFiles/CMakeTmp'
Building C object CMakeFiles/cmTC_d1411.dir/CheckSymbolExists.c.o
/bin/gcc     -o CMakeFiles/cmTC_d1411.dir/CheckSymbolExists.c.o   -c "/am/monterey/home1/foleylliam/Comp308/FinalProj 3.0/work/CMakeFiles/CMakeTmp/CheckSymbolExists.c"
Linking C executable cmTC_d1411
/usr/pkg/bin/cmake -E cmake_link_script CMakeFiles/cmTC_d1411.dir/link.txt --verbose=1
/bin/gcc       CMakeFiles/cmTC_d1411.dir/CheckSymbolExists.c.o  -o cmTC_d1411 -rdynamic 
CMakeFiles/cmTC_d1411.dir/CheckSymbolExists.c.o: In function `main':
CheckSymbolExists.c:(.text+0x16): undefined reference to `pthread_create'
collect2: error: ld returned 1 exit status
gmake[1]: *** [CMakeFiles/cmTC_d1411.dir/build.make:98: cmTC_d1411] Error 1
gmake[1]: Leaving directory '/am/monterey/home1/foleylliam/Comp308/FinalProj 3.0/work/CMakeFiles/CMakeTmp'
gmake: *** [Makefile:126: cmTC_d1411/fast] Error 2

File /am/monterey/home1/foleylliam/Comp308/FinalProj 3.0/work/CMakeFiles/CMakeTmp/CheckSymbolExists.c:
/* */
#include <pthread.h>

int main(int argc, char** argv)
{
  (void)argv;
#ifndef pthread_create
  return ((int*)(&pthread_create))[argc];
#else
  (void)argc;
  return 0;
#endif
}

Determining if the function pthread_create exists in the pthreads failed with the following output:
Change Dir: /am/monterey/home1/foleylliam/Comp308/FinalProj 3.0/work/CMakeFiles/CMakeTmp

Run Build Command:"/usr/local/bin/gmake" "cmTC_31998/fast"
/usr/local/bin/gmake -f CMakeFiles/cmTC_31998.dir/build.make CMakeFiles/cmTC_31998.dir/build
gmake[1]: Entering directory '/am/monterey/home1/foleylliam/Comp308/FinalProj 3.0/work/CMakeFiles/CMakeTmp'
Building C object CMakeFiles/cmTC_31998.dir/CheckFunctionExists.c.o
/bin/gcc    -DCHECK_FUNCTION_EXISTS=pthread_create   -o CMakeFiles/cmTC_31998.dir/CheckFunctionExists.c.o   -c /usr/pkg/share/cmake-3.7/Modules/CheckFunctionExists.c
Linking C executable cmTC_31998
/usr/pkg/bin/cmake -E cmake_link_script CMakeFiles/cmTC_31998.dir/link.txt --verbose=1
/bin/gcc   -DCHECK_FUNCTION_EXISTS=pthread_create    CMakeFiles/cmTC_31998.dir/CheckFunctionExists.c.o  -o cmTC_31998 -rdynamic -lpthreads 
/bin/ld: cannot find -lpthreads
collect2: error: ld returned 1 exit status
gmake[1]: *** [CMakeFiles/cmTC_31998.dir/build.make:98: cmTC_31998] Error 1
gmake[1]: Leaving directory '/am/monterey/home1/foleylliam/Comp308/FinalProj 3.0/work/CMakeFiles/CMakeTmp'
gmake: *** [Makefile:126: cmTC_31998/fast] Error 2


Determining if the function glXGetProcAddressEXT exists failed with the following output:
Change Dir: /am/monterey/home1/foleylliam/Comp308/FinalProj 3.0/work/CMakeFiles/CMakeTmp

Run Build Command:"/usr/local/bin/gmake" "cmTC_a96db/fast"
/usr/local/bin/gmake -f CMakeFiles/cmTC_a96db.dir/build.make CMakeFiles/cmTC_a96db.dir/build
gmake[1]: Entering directory '/am/monterey/home1/foleylliam/Comp308/FinalProj 3.0/work/CMakeFiles/CMakeTmp'
Building C object CMakeFiles/cmTC_a96db.dir/CheckFunctionExists.c.o
/bin/gcc    -DCHECK_FUNCTION_EXISTS=glXGetProcAddressEXT   -o CMakeFiles/cmTC_a96db.dir/CheckFunctionExists.c.o   -c /usr/pkg/share/cmake-3.7/Modules/CheckFunctionExists.c
Linking C executable cmTC_a96db
/usr/pkg/bin/cmake -E cmake_link_script CMakeFiles/cmTC_a96db.dir/link.txt --verbose=1
/bin/gcc   -DCHECK_FUNCTION_EXISTS=glXGetProcAddressEXT    CMakeFiles/cmTC_a96db.dir/CheckFunctionExists.c.o  -o cmTC_a96db -rdynamic /usr/lib64/libGL.so 
CMakeFiles/cmTC_a96db.dir/CheckFunctionExists.c.o: In function `main':
CheckFunctionExists.c:(.text+0x15): undefined reference to `glXGetProcAddressEXT'
collect2: error: ld returned 1 exit status
gmake[1]: *** [CMakeFiles/cmTC_a96db.dir/build.make:99: cmTC_a96db] Error 1
gmake[1]: Leaving directory '/am/monterey/home1/foleylliam/Comp308/FinalProj 3.0/work/CMakeFiles/CMakeTmp'
gmake: *** [Makefile:126: cmTC_a96db/fast] Error 2


